<?xml version="1.0" encoding="UTF-8"?>
<testng-results total="3" passed="3" failed="0" skipped="0">
  <reporter-output>
  </reporter-output>
  <suite started-at="2024-08-15T17:48:14Z" name="Test Suite for Buildout" finished-at="2024-08-15T17:49:10Z" duration-ms="55408">
    <groups>
    </groups>
    <test started-at="2024-08-15T17:48:14Z" name="Test Cases for Buildout" finished-at="2024-08-15T17:49:10Z" duration-ms="55408">
      <class name="demo.TestCases">
        <test-method is-config="true" signature="startBrowser()[pri:0, instance:demo.TestCases@335b5620]" started-at="2024-08-15T23:18:14Z" name="startBrowser" finished-at="2024-08-15T23:18:17Z" duration-ms="3202" status="PASS">
          <reporter-output>
          </reporter-output>
        </test-method> <!-- startBrowser -->
        <test-method signature="testCase01()[pri:0, instance:demo.TestCases@335b5620]" started-at="2024-08-15T23:18:17Z" name="testCase01" finished-at="2024-08-15T23:18:37Z" duration-ms="20098" status="PASS">
          <reporter-output>
          </reporter-output>
        </test-method> <!-- testCase01 -->
        <test-method signature="testCase02()[pri:0, instance:demo.TestCases@335b5620]" started-at="2024-08-15T23:18:37Z" name="testCase02" finished-at="2024-08-15T23:18:50Z" duration-ms="12157" status="PASS">
          <reporter-output>
          </reporter-output>
        </test-method> <!-- testCase02 -->
        <test-method signature="testCase03()[pri:0, instance:demo.TestCases@335b5620]" started-at="2024-08-15T23:18:50Z" name="testCase03" finished-at="2024-08-15T23:19:09Z" duration-ms="19669" status="PASS">
          <reporter-output>
          </reporter-output>
        </test-method> <!-- testCase03 -->
        <test-method is-config="true" signature="endTest()[pri:0, instance:demo.TestCases@335b5620]" started-at="2024-08-15T23:19:09Z" name="endTest" finished-at="2024-08-15T23:19:10Z" duration-ms="265" status="PASS">
          <reporter-output>
          </reporter-output>
        </test-method> <!-- endTest -->
      </class> <!-- demo.TestCases -->
    </test> <!-- Test Cases for Buildout -->
  </suite> <!-- Test Suite for Buildout -->
</testng-results>
